# JRE version: OpenJDK Runtime Environment (8.0_152-b01) (build 1.8.0_152-release-915-b01)
# Java VM: OpenJDK 64-Bit Server VM (25.152-b01 mixed mode windows-amd64 compressed oops)
Heap:
 PSYoungGen      total 70144K, used 47846K [0x00000000e0000000, 0x00000000e5300000, 0x0000000100000000)
  eden space 58880K, 64% used [0x00000000e0000000,0x00000000e2535c80,0x00000000e3980000)
  from space 11264K, 86% used [0x00000000e4580000,0x00000000e4f03c20,0x00000000e5080000)
  to   space 12288K, 0% used [0x00000000e3980000,0x00000000e3980000,0x00000000e4580000)
 ParOldGen       total 65024K, used 16359K [0x00000000a0000000, 0x00000000a3f80000, 0x00000000e0000000)
  object space 65024K, 25% used [0x00000000a0000000,0x00000000a0ff9f20,0x00000000a3f80000)
 Metaspace       used 46185K, capacity 47490K, committed 47576K, reserved 1089536K
  class space    used 6231K, capacity 6627K, committed 6656K, reserved 1048576K
GC Heap History (10 events):
Event: 40.393 GC heap before
{Heap before GC invocations=12 (full 1):
 PSYoungGen      total 40960K, used 21637K [0x00000000e0000000, 0x00000000e3380000, 0x0000000100000000)
  eden space 30208K, 42% used [0x00000000e0000000,0x00000000e0c73b80,0x00000000e1d80000)
  from space 10752K, 82% used [0x00000000e2880000,0x00000000e312dbf8,0x00000000e3300000)
  to   space 11264K, 0% used [0x00000000e1d80000,0x00000000e1d80000,0x00000000e2880000)
 ParOldGen       total 47616K, used 9187K [0x00000000a0000000, 0x00000000a2e80000, 0x00000000e0000000)
  object space 47616K, 19% used [0x00000000a0000000,0x00000000a08f8d10,0x00000000a2e80000)
 Metaspace       used 34334K, capacity 35344K, committed 35416K, reserved 1079296K
  class space    used 4682K, capacity 4976K, committed 4992K, reserved 1048576K
Event: 40.403 GC heap after
Heap after GC invocations=12 (full 1):
 PSYoungGen      total 41472K, used 8116K [0x00000000e0000000, 0x00000000e3f80000, 0x0000000100000000)
  eden space 30208K, 0% used [0x00000000e0000000,0x00000000e0000000,0x00000000e1d80000)
  from space 11264K, 72% used [0x00000000e1d80000,0x00000000e256d2f8,0x00000000e2880000)
  to   space 11264K, 0% used [0x00000000e3480000,0x00000000e3480000,0x00000000e3f80000)
 ParOldGen       total 47616K, used 11067K [0x00000000a0000000, 0x00000000a2e80000, 0x00000000e0000000)
  object space 47616K, 23% used [0x00000000a0000000,0x00000000a0acecb0,0x00000000a2e80000)
 Metaspace       used 34334K, capacity 35344K, committed 35416K, reserved 1079296K
  class space    used 4682K, capacity 4976K, committed 4992K, reserved 1048576K
}
Event: 40.403 GC heap before
{Heap before GC invocations=13 (full 2):
 PSYoungGen      total 41472K, used 8116K [0x00000000e0000000, 0x00000000e3f80000, 0x0000000100000000)
  eden space 30208K, 0% used [0x00000000e0000000,0x00000000e0000000,0x00000000e1d80000)
  from space 11264K, 72% used [0x00000000e1d80000,0x00000000e256d2f8,0x00000000e2880000)
  to   space 11264K, 0% used [0x00000000e3480000,0x00000000e3480000,0x00000000e3f80000)
 ParOldGen       total 47616K, used 11067K [0x00000000a0000000, 0x00000000a2e80000, 0x00000000e0000000)
  object space 47616K, 23% used [0x00000000a0000000,0x00000000a0acecb0,0x00000000a2e80000)
 Metaspace       used 34334K, capacity 35344K, committed 35416K, reserved 1079296K
  class space    used 4682K, capacity 4976K, committed 4992K, reserved 1048576K
Event: 40.489 GC heap after
Heap after GC invocations=13 (full 2):
 PSYoungGen      total 41472K, used 0K [0x00000000e0000000, 0x00000000e3f80000, 0x0000000100000000)
  eden space 30208K, 0% used [0x00000000e0000000,0x00000000e0000000,0x00000000e1d80000)
  from space 11264K, 0% used [0x00000000e1d80000,0x00000000e1d80000,0x00000000e2880000)
  to   space 11264K, 0% used [0x00000000e3480000,0x00000000e3480000,0x00000000e3f80000)
 ParOldGen       total 65024K, used 16335K [0x00000000a0000000, 0x00000000a3f80000, 0x00000000e0000000)
  object space 65024K, 25% used [0x00000000a0000000,0x00000000a0ff3f20,0x00000000a3f80000)
 Metaspace       used 34334K, capacity 35344K, committed 35416K, reserved 1079296K
  class space    used 4682K, capacity 4976K, committed 4992K, reserved 1048576K
}
Event: 41.326 GC heap before
{Heap before GC invocations=14 (full 2):
 PSYoungGen      total 41472K, used 30208K [0x00000000e0000000, 0x00000000e3f80000, 0x0000000100000000)
  eden space 30208K, 100% used [0x00000000e0000000,0x00000000e1d80000,0x00000000e1d80000)
  from space 11264K, 0% used [0x00000000e1d80000,0x00000000e1d80000,0x00000000e2880000)
  to   space 11264K, 0% used [0x00000000e3480000,0x00000000e3480000,0x00000000e3f80000)
 ParOldGen       total 65024K, used 16335K [0x00000000a0000000, 0x00000000a3f80000, 0x00000000e0000000)
  object space 65024K, 25% used [0x00000000a0000000,0x00000000a0ff3f20,0x00000000a3f80000)
 Metaspace       used 38494K, capacity 39532K, committed 39896K, reserved 1083392K
  class space    used 5214K, capacity 5565K, committed 5632K, reserved 1048576K
Event: 41.330 GC heap after
Heap after GC invocations=14 (full 2):
 PSYoungGen      total 53248K, used 3523K [0x00000000e0000000, 0x00000000e4080000, 0x0000000100000000)
  eden space 41984K, 0% used [0x00000000e0000000,0x00000000e0000000,0x00000000e2900000)
  from space 11264K, 31% used [0x00000000e3480000,0x00000000e37f0c50,0x00000000e3f80000)
  to   space 11776K, 0% used [0x00000000e2900000,0x00000000e2900000,0x00000000e3480000)
 ParOldGen       total 65024K, used 16343K [0x00000000a0000000, 0x00000000a3f80000, 0x00000000e0000000)
  object space 65024K, 25% used [0x00000000a0000000,0x00000000a0ff5f20,0x00000000a3f80000)
 Metaspace       used 38494K, capacity 39532K, committed 39896K, reserved 1083392K
  class space    used 5214K, capacity 5565K, committed 5632K, reserved 1048576K
}
Event: 42.009 GC heap before
{Heap before GC invocations=15 (full 2):
 PSYoungGen      total 53248K, used 45507K [0x00000000e0000000, 0x00000000e4080000, 0x0000000100000000)
  eden space 41984K, 100% used [0x00000000e0000000,0x00000000e2900000,0x00000000e2900000)
  from space 11264K, 31% used [0x00000000e3480000,0x00000000e37f0c50,0x00000000e3f80000)
  to   space 11776K, 0% used [0x00000000e2900000,0x00000000e2900000,0x00000000e3480000)
 ParOldGen       total 65024K, used 16343K [0x00000000a0000000, 0x00000000a3f80000, 0x00000000e0000000)
  object space 65024K, 25% used [0x00000000a0000000,0x00000000a0ff5f20,0x00000000a3f80000)
 Metaspace       used 40861K, capacity 41932K, committed 42200K, reserved 1085440K
  class space    used 5479K, capacity 5827K, committed 5888K, reserved 1048576K
Event: 42.018 GC heap after
Heap after GC invocations=15 (full 2):
 PSYoungGen      total 53760K, used 3984K [0x00000000e0000000, 0x00000000e5080000, 0x0000000100000000)
  eden space 41984K, 0% used [0x00000000e0000000,0x00000000e0000000,0x00000000e2900000)
  from space 11776K, 33% used [0x00000000e2900000,0x00000000e2ce41f0,0x00000000e3480000)
  to   space 11264K, 0% used [0x00000000e4580000,0x00000000e4580000,0x00000000e5080000)
 ParOldGen       total 65024K, used 16351K [0x00000000a0000000, 0x00000000a3f80000, 0x00000000e0000000)
  object space 65024K, 25% used [0x00000000a0000000,0x00000000a0ff7f20,0x00000000a3f80000)
 Metaspace       used 40861K, capacity 41932K, committed 42200K, reserved 1085440K
  class space    used 5479K, capacity 5827K, committed 5888K, reserved 1048576K
}
Event: 42.960 GC heap before
{Heap before GC invocations=16 (full 2):
 PSYoungGen      total 53760K, used 45968K [0x00000000e0000000, 0x00000000e5080000, 0x0000000100000000)
  eden space 41984K, 100% used [0x00000000e0000000,0x00000000e2900000,0x00000000e2900000)
  from space 11776K, 33% used [0x00000000e2900000,0x00000000e2ce41f0,0x00000000e3480000)
  to   space 11264K, 0% used [0x00000000e4580000,0x00000000e4580000,0x00000000e5080000)
 ParOldGen       total 65024K, used 16351K [0x00000000a0000000, 0x00000000a3f80000, 0x00000000e0000000)
  object space 65024K, 25% used [0x00000000a0000000,0x00000000a0ff7f20,0x00000000a3f80000)
 Metaspace       used 42973K, capacity 44228K, committed 44504K, reserved 1087488K
  class space    used 5741K, capacity 6092K, committed 6144K, reserved 1048576K
Event: 42.973 GC heap after
Heap after GC invocations=16 (full 2):
 PSYoungGen      total 70144K, used 9743K [0x00000000e0000000, 0x00000000e5300000, 0x0000000100000000)
  eden space 58880K, 0% used [0x00000000e0000000,0x00000000e0000000,0x00000000e3980000)
  from space 11264K, 86% used [0x00000000e4580000,0x00000000e4f03c20,0x00000000e5080000)
  to   space 12288K, 0% used [0x00000000e3980000,0x00000000e3980000,0x00000000e4580000)
 ParOldGen       total 65024K, used 16359K [0x00000000a0000000, 0x00000000a3f80000, 0x00000000e0000000)
  object space 65024K, 25% used [0x00000000a0000000,0x00000000a0ff9f20,0x00000000a3f80000)
 Metaspace       used 42973K, capacity 44228K, committed 44504K, reserved 1087488K
  class space    used 5741K, capacity 6092K, committed 6144K, reserved 1048576K
}

