# JRE version: OpenJDK Runtime Environment (8.0_152-b01) (build 1.8.0_152-release-915-b01)
# Java VM: OpenJDK 64-Bit Server VM (25.152-b01 mixed mode windows-amd64 compressed oops)
Heap:
 PSYoungGen      total 340992K, used 315702K [0x00000000e0000000, 0x0000000100000000, 0x0000000100000000)
  eden space 225280K, 100% used [0x00000000e0000000,0x00000000edc00000,0x00000000edc00000)
  from space 115712K, 78% used [0x00000000f8f00000,0x00000000fe74d8f8,0x0000000100000000)
  to   space 149504K, 48% used [0x00000000edc00000,0x00000000f22fd878,0x00000000f6e00000)
 ParOldGen       total 257536K, used 217132K [0x00000000a0000000, 0x00000000afb80000, 0x00000000e0000000)
  object space 257536K, 84% used [0x00000000a0000000,0x00000000ad40b268,0x00000000afb80000)
 Metaspace       used 95996K, capacity 104540K, committed 106240K, reserved 1140736K
  class space    used 11977K, capacity 13961K, committed 14336K, reserved 1048576K
GC Heap History (10 events):
Event: 6482.356 GC heap after
Heap after GC invocations=79 (full 5):
 PSYoungGen      total 358400K, used 71152K [0x00000000e0000000, 0x00000000ff680000, 0x0000000100000000)
  eden space 287232K, 0% used [0x00000000e0000000,0x00000000e0000000,0x00000000f1880000)
  from space 71168K, 99% used [0x00000000f7400000,0x00000000fb97c160,0x00000000fb980000)
  to   space 93696K, 0% used [0x00000000f1880000,0x00000000f1880000,0x00000000f7400000)
 ParOldGen       total 257536K, used 141184K [0x00000000a0000000, 0x00000000afb80000, 0x00000000e0000000)
  object space 257536K, 54% used [0x00000000a0000000,0x00000000a89e0240,0x00000000afb80000)
 Metaspace       used 95475K, capacity 103846K, committed 105600K, reserved 1140736K
  class space    used 11929K, capacity 13836K, committed 14208K, reserved 1048576K
}
Event: 6939.768 GC heap before
{Heap before GC invocations=80 (full 5):
 PSYoungGen      total 358400K, used 358384K [0x00000000e0000000, 0x00000000ff680000, 0x0000000100000000)
  eden space 287232K, 100% used [0x00000000e0000000,0x00000000f1880000,0x00000000f1880000)
  from space 71168K, 99% used [0x00000000f7400000,0x00000000fb97c160,0x00000000fb980000)
  to   space 93696K, 0% used [0x00000000f1880000,0x00000000f1880000,0x00000000f7400000)
 ParOldGen       total 257536K, used 141184K [0x00000000a0000000, 0x00000000afb80000, 0x00000000e0000000)
  object space 257536K, 54% used [0x00000000a0000000,0x00000000a89e0240,0x00000000afb80000)
 Metaspace       used 95563K, capacity 103910K, committed 105856K, reserved 1140736K
  class space    used 11929K, capacity 13836K, committed 14208K, reserved 1048576K
Event: 6940.614 GC heap after
Heap after GC invocations=80 (full 5):
 PSYoungGen      total 380928K, used 70865K [0x00000000e0000000, 0x0000000100000000, 0x0000000100000000)
  eden space 287232K, 0% used [0x00000000e0000000,0x00000000e0000000,0x00000000f1880000)
  from space 93696K, 75% used [0x00000000f1880000,0x00000000f5db47d8,0x00000000f7400000)
  to   space 101888K, 0% used [0x00000000f9c80000,0x00000000f9c80000,0x0000000100000000)
 ParOldGen       total 257536K, used 141541K [0x00000000a0000000, 0x00000000afb80000, 0x00000000e0000000)
  object space 257536K, 54% used [0x00000000a0000000,0x00000000a8a39438,0x00000000afb80000)
 Metaspace       used 95563K, capacity 103910K, committed 105856K, reserved 1140736K
  class space    used 11929K, capacity 13836K, committed 14208K, reserved 1048576K
}
Event: 6974.564 GC heap before
{Heap before GC invocations=81 (full 5):
 PSYoungGen      total 380928K, used 358097K [0x00000000e0000000, 0x0000000100000000, 0x0000000100000000)
  eden space 287232K, 100% used [0x00000000e0000000,0x00000000f1880000,0x00000000f1880000)
  from space 93696K, 75% used [0x00000000f1880000,0x00000000f5db47d8,0x00000000f7400000)
  to   space 101888K, 0% used [0x00000000f9c80000,0x00000000f9c80000,0x0000000100000000)
 ParOldGen       total 257536K, used 141541K [0x00000000a0000000, 0x00000000afb80000, 0x00000000e0000000)
  object space 257536K, 54% used [0x00000000a0000000,0x00000000a8a39438,0x00000000afb80000)
 Metaspace       used 95631K, capacity 104036K, committed 105856K, reserved 1140736K
  class space    used 11941K, capacity 13877K, committed 14208K, reserved 1048576K
Event: 6974.703 GC heap after
Heap after GC invocations=81 (full 5):
 PSYoungGen      total 394752K, used 90267K [0x00000000e0000000, 0x0000000100000000, 0x0000000100000000)
  eden space 292864K, 0% used [0x00000000e0000000,0x00000000e0000000,0x00000000f1e00000)
  from space 101888K, 88% used [0x00000000f9c80000,0x00000000ff4a6fd0,0x0000000100000000)
  to   space 115712K, 0% used [0x00000000f1e00000,0x00000000f1e00000,0x00000000f8f00000)
 ParOldGen       total 257536K, used 142181K [0x00000000a0000000, 0x00000000afb80000, 0x00000000e0000000)
  object space 257536K, 55% used [0x00000000a0000000,0x00000000a8ad95f0,0x00000000afb80000)
 Metaspace       used 95631K, capacity 104036K, committed 105856K, reserved 1140736K
  class space    used 11941K, capacity 13877K, committed 14208K, reserved 1048576K
}
Event: 6977.740 GC heap before
{Heap before GC invocations=82 (full 5):
 PSYoungGen      total 394752K, used 383131K [0x00000000e0000000, 0x0000000100000000, 0x0000000100000000)
  eden space 292864K, 100% used [0x00000000e0000000,0x00000000f1e00000,0x00000000f1e00000)
  from space 101888K, 88% used [0x00000000f9c80000,0x00000000ff4a6fd0,0x0000000100000000)
  to   space 115712K, 0% used [0x00000000f1e00000,0x00000000f1e00000,0x00000000f8f00000)
 ParOldGen       total 257536K, used 142181K [0x00000000a0000000, 0x00000000afb80000, 0x00000000e0000000)
  object space 257536K, 55% used [0x00000000a0000000,0x00000000a8ad95f0,0x00000000afb80000)
 Metaspace       used 95893K, capacity 104336K, committed 106240K, reserved 1140736K
  class space    used 11962K, capacity 13917K, committed 14336K, reserved 1048576K
Event: 6977.892 GC heap after
Heap after GC invocations=82 (full 5):
 PSYoungGen      total 408576K, used 115694K [0x00000000e0000000, 0x0000000100000000, 0x0000000100000000)
  eden space 292864K, 0% used [0x00000000e0000000,0x00000000e0000000,0x00000000f1e00000)
  from space 115712K, 99% used [0x00000000f1e00000,0x00000000f8efb9c0,0x00000000f8f00000)
  to   space 115712K, 0% used [0x00000000f8f00000,0x00000000f8f00000,0x0000000100000000)
 ParOldGen       total 257536K, used 163454K [0x00000000a0000000, 0x00000000afb80000, 0x00000000e0000000)
  object space 257536K, 63% used [0x00000000a0000000,0x00000000a9f9f868,0x00000000afb80000)
 Metaspace       used 95893K, capacity 104336K, committed 106240K, reserved 1140736K
  class space    used 11962K, capacity 13917K, committed 14336K, reserved 1048576K
}
Event: 6981.736 GC heap before
{Heap before GC invocations=83 (full 5):
 PSYoungGen      total 408576K, used 408234K [0x00000000e0000000, 0x0000000100000000, 0x0000000100000000)
  eden space 292864K, 99% used [0x00000000e0000000,0x00000000f1daef10,0x00000000f1e00000)
  from space 115712K, 99% used [0x00000000f1e00000,0x00000000f8efb9c0,0x00000000f8f00000)
  to   space 115712K, 0% used [0x00000000f8f00000,0x00000000f8f00000,0x0000000100000000)
 ParOldGen       total 257536K, used 163454K [0x00000000a0000000, 0x00000000afb80000, 0x00000000e0000000)
  object space 257536K, 63% used [0x00000000a0000000,0x00000000a9f9f868,0x00000000afb80000)
 Metaspace       used 95937K, capacity 104420K, committed 106240K, reserved 1140736K
  class space    used 11966K, capacity 13921K, committed 14336K, reserved 1048576K
Event: 6981.897 GC heap after
Heap after GC invocations=83 (full 5):
 PSYoungGen      total 340992K, used 90422K [0x00000000e0000000, 0x0000000100000000, 0x0000000100000000)
  eden space 225280K, 0% used [0x00000000e0000000,0x00000000e0000000,0x00000000edc00000)
  from space 115712K, 78% used [0x00000000f8f00000,0x00000000fe74d8f8,0x0000000100000000)
  to   space 149504K, 0% used [0x00000000edc00000,0x00000000edc00000,0x00000000f6e00000)
 ParOldGen       total 257536K, used 188767K [0x00000000a0000000, 0x00000000afb80000, 0x00000000e0000000)
  object space 257536K, 73% used [0x00000000a0000000,0x00000000ab857ea0,0x00000000afb80000)
 Metaspace       used 95937K, capacity 104420K, committed 106240K, reserved 1140736K
  class space    used 11966K, capacity 13921K, committed 14336K, reserved 1048576K
}
Event: 7009.636 GC heap before
{Heap before GC invocations=84 (full 5):
 PSYoungGen      total 340992K, used 315702K [0x00000000e0000000, 0x0000000100000000, 0x0000000100000000)
  eden space 225280K, 100% used [0x00000000e0000000,0x00000000edc00000,0x00000000edc00000)
  from space 115712K, 78% used [0x00000000f8f00000,0x00000000fe74d8f8,0x0000000100000000)
  to   space 149504K, 0% used [0x00000000edc00000,0x00000000edc00000,0x00000000f6e00000)
 ParOldGen       total 257536K, used 188767K [0x00000000a0000000, 0x00000000afb80000, 0x00000000e0000000)
  object space 257536K, 73% used [0x00000000a0000000,0x00000000ab857ea0,0x00000000afb80000)
 Metaspace       used 95996K, capacity 104540K, committed 106240K, reserved 1140736K
  class space    used 11977K, capacity 13961K, committed 14336K, reserved 1048576K

