# JRE version: OpenJDK Runtime Environment (8.0_152-b01) (build 1.8.0_152-release-915-b01)
# Java VM: OpenJDK 64-Bit Server VM (25.152-b01 mixed mode windows-amd64 compressed oops)
Heap:
 PSYoungGen      total 371712K, used 100252K [0x00000000e0000000, 0x00000000fcc80000, 0x0000000100000000)
  eden space 292352K, 28% used [0x00000000e0000000,0x00000000e5024508,0x00000000f1d80000)
  from space 79360K, 22% used [0x00000000f7f00000,0x00000000f90c2b50,0x00000000fcc80000)
  to   space 89600K, 0% used [0x00000000f1d80000,0x00000000f1d80000,0x00000000f7500000)
 ParOldGen       total 183296K, used 151300K [0x00000000a0000000, 0x00000000ab300000, 0x00000000e0000000)
  object space 183296K, 82% used [0x00000000a0000000,0x00000000a93c1208,0x00000000ab300000)
 Metaspace       used 67142K, capacity 69182K, committed 69416K, reserved 1110016K
  class space    used 7530K, capacity 8131K, committed 8232K, reserved 1048576K
GC Heap History (10 events):
Event: 1253.780 GC heap before
{Heap before GC invocations=36 (full 4):
 PSYoungGen      total 372736K, used 342952K [0x00000000e0000000, 0x00000000fe680000, 0x0000000100000000)
  eden space 277504K, 100% used [0x00000000e0000000,0x00000000f0f00000,0x00000000f0f00000)
  from space 95232K, 68% used [0x00000000f0f00000,0x00000000f4eea2c8,0x00000000f6c00000)
  to   space 97792K, 0% used [0x00000000f8700000,0x00000000f8700000,0x00000000fe680000)
 ParOldGen       total 183296K, used 133423K [0x00000000a0000000, 0x00000000ab300000, 0x00000000e0000000)
  object space 183296K, 72% used [0x00000000a0000000,0x00000000a824bf10,0x00000000ab300000)
 Metaspace       used 65468K, capacity 67392K, committed 67624K, reserved 1110016K
  class space    used 7375K, capacity 7912K, committed 7976K, reserved 1048576K
Event: 1253.879 GC heap after
Heap after GC invocations=36 (full 4):
 PSYoungGen      total 382976K, used 47692K [0x00000000e0000000, 0x00000000fd980000, 0x0000000100000000)
  eden space 298496K, 0% used [0x00000000e0000000,0x00000000e0000000,0x00000000f2380000)
  from space 84480K, 56% used [0x00000000f8700000,0x00000000fb593330,0x00000000fd980000)
  to   space 93184K, 0% used [0x00000000f2380000,0x00000000f2380000,0x00000000f7e80000)
 ParOldGen       total 183296K, used 133431K [0x00000000a0000000, 0x00000000ab300000, 0x00000000e0000000)
  object space 183296K, 72% used [0x00000000a0000000,0x00000000a824df10,0x00000000ab300000)
 Metaspace       used 65468K, capacity 67392K, committed 67624K, reserved 1110016K
  class space    used 7375K, capacity 7912K, committed 7976K, reserved 1048576K
}
Event: 1256.186 GC heap before
{Heap before GC invocations=37 (full 4):
 PSYoungGen      total 382976K, used 346188K [0x00000000e0000000, 0x00000000fd980000, 0x0000000100000000)
  eden space 298496K, 100% used [0x00000000e0000000,0x00000000f2380000,0x00000000f2380000)
  from space 84480K, 56% used [0x00000000f8700000,0x00000000fb593330,0x00000000fd980000)
  to   space 93184K, 0% used [0x00000000f2380000,0x00000000f2380000,0x00000000f7e80000)
 ParOldGen       total 183296K, used 133431K [0x00000000a0000000, 0x00000000ab300000, 0x00000000e0000000)
  object space 183296K, 72% used [0x00000000a0000000,0x00000000a824df10,0x00000000ab300000)
 Metaspace       used 65749K, capacity 67684K, committed 67880K, reserved 1110016K
  class space    used 7397K, capacity 7944K, committed 7976K, reserved 1048576K
Event: 1256.214 GC heap after
Heap after GC invocations=37 (full 4):
 PSYoungGen      total 391680K, used 35520K [0x00000000e0000000, 0x00000000fea80000, 0x0000000100000000)
  eden space 298496K, 0% used [0x00000000e0000000,0x00000000e0000000,0x00000000f2380000)
  from space 93184K, 38% used [0x00000000f2380000,0x00000000f4630388,0x00000000f7e80000)
  to   space 90624K, 0% used [0x00000000f9200000,0x00000000f9200000,0x00000000fea80000)
 ParOldGen       total 183296K, used 133439K [0x00000000a0000000, 0x00000000ab300000, 0x00000000e0000000)
  object space 183296K, 72% used [0x00000000a0000000,0x00000000a824ff10,0x00000000ab300000)
 Metaspace       used 65749K, capacity 67684K, committed 67880K, reserved 1110016K
  class space    used 7397K, capacity 7944K, committed 7976K, reserved 1048576K
}
Event: 1283.071 GC heap before
{Heap before GC invocations=38 (full 4):
 PSYoungGen      total 391680K, used 334016K [0x00000000e0000000, 0x00000000fea80000, 0x0000000100000000)
  eden space 298496K, 100% used [0x00000000e0000000,0x00000000f2380000,0x00000000f2380000)
  from space 93184K, 38% used [0x00000000f2380000,0x00000000f4630388,0x00000000f7e80000)
  to   space 90624K, 0% used [0x00000000f9200000,0x00000000f9200000,0x00000000fea80000)
 ParOldGen       total 183296K, used 133439K [0x00000000a0000000, 0x00000000ab300000, 0x00000000e0000000)
  object space 183296K, 72% used [0x00000000a0000000,0x00000000a824ff10,0x00000000ab300000)
 Metaspace       used 66166K, capacity 68094K, committed 68264K, reserved 1110016K
  class space    used 7442K, capacity 7987K, committed 8104K, reserved 1048576K
Event: 1283.130 GC heap after
Heap after GC invocations=38 (full 4):
 PSYoungGen      total 403456K, used 64488K [0x00000000e0000000, 0x00000000fe900000, 0x0000000100000000)
  eden space 314368K, 0% used [0x00000000e0000000,0x00000000e0000000,0x00000000f3300000)
  from space 89088K, 72% used [0x00000000f9200000,0x00000000fd0fa110,0x00000000fe900000)
  to   space 93184K, 0% used [0x00000000f3300000,0x00000000f3300000,0x00000000f8e00000)
 ParOldGen       total 183296K, used 133447K [0x00000000a0000000, 0x00000000ab300000, 0x00000000e0000000)
  object space 183296K, 72% used [0x00000000a0000000,0x00000000a8251f10,0x00000000ab300000)
 Metaspace       used 66166K, capacity 68094K, committed 68264K, reserved 1110016K
  class space    used 7442K, capacity 7987K, committed 8104K, reserved 1048576K
}
Event: 1305.956 GC heap before
{Heap before GC invocations=39 (full 4):
 PSYoungGen      total 403456K, used 378856K [0x00000000e0000000, 0x00000000fe900000, 0x0000000100000000)
  eden space 314368K, 100% used [0x00000000e0000000,0x00000000f3300000,0x00000000f3300000)
  from space 89088K, 72% used [0x00000000f9200000,0x00000000fd0fa110,0x00000000fe900000)
  to   space 93184K, 0% used [0x00000000f3300000,0x00000000f3300000,0x00000000f8e00000)
 ParOldGen       total 183296K, used 133447K [0x00000000a0000000, 0x00000000ab300000, 0x00000000e0000000)
  object space 183296K, 72% used [0x00000000a0000000,0x00000000a8251f10,0x00000000ab300000)
 Metaspace       used 66640K, capacity 68638K, committed 68776K, reserved 1110016K
  class space    used 7483K, capacity 8059K, committed 8104K, reserved 1048576K
Event: 1306.009 GC heap after
Heap after GC invocations=39 (full 4):
 PSYoungGen      total 351744K, used 48578K [0x00000000e0000000, 0x00000000fd600000, 0x0000000100000000)
  eden space 303104K, 0% used [0x00000000e0000000,0x00000000e0000000,0x00000000f2800000)
  from space 48640K, 99% used [0x00000000f3300000,0x00000000f6270bc0,0x00000000f6280000)
  to   space 89088K, 0% used [0x00000000f7f00000,0x00000000f7f00000,0x00000000fd600000)
 ParOldGen       total 183296K, used 133455K [0x00000000a0000000, 0x00000000ab300000, 0x00000000e0000000)
  object space 183296K, 72% used [0x00000000a0000000,0x00000000a8253f10,0x00000000ab300000)
 Metaspace       used 66640K, capacity 68638K, committed 68776K, reserved 1110016K
  class space    used 7483K, capacity 8059K, committed 8104K, reserved 1048576K
}
Event: 1309.014 GC heap before
{Heap before GC invocations=40 (full 4):
 PSYoungGen      total 351744K, used 351682K [0x00000000e0000000, 0x00000000fd600000, 0x0000000100000000)
  eden space 303104K, 100% used [0x00000000e0000000,0x00000000f2800000,0x00000000f2800000)
  from space 48640K, 99% used [0x00000000f3300000,0x00000000f6270bc0,0x00000000f6280000)
  to   space 89088K, 0% used [0x00000000f7f00000,0x00000000f7f00000,0x00000000fd600000)
 ParOldGen       total 183296K, used 133455K [0x00000000a0000000, 0x00000000ab300000, 0x00000000e0000000)
  object space 183296K, 72% used [0x00000000a0000000,0x00000000a8253f10,0x00000000ab300000)
 Metaspace       used 66890K, capacity 68866K, committed 69032K, reserved 1110016K
  class space    used 7504K, capacity 8091K, committed 8104K, reserved 1048576K
Event: 1309.043 GC heap after
Heap after GC invocations=40 (full 4):
 PSYoungGen      total 371712K, used 18186K [0x00000000e0000000, 0x00000000fcc80000, 0x0000000100000000)
  eden space 292352K, 0% used [0x00000000e0000000,0x00000000e0000000,0x00000000f1d80000)
  from space 79360K, 22% used [0x00000000f7f00000,0x00000000f90c2b50,0x00000000fcc80000)
  to   space 89600K, 0% used [0x00000000f1d80000,0x00000000f1d80000,0x00000000f7500000)
 ParOldGen       total 183296K, used 151300K [0x00000000a0000000, 0x00000000ab300000, 0x00000000e0000000)
  object space 183296K, 82% used [0x00000000a0000000,0x00000000a93c1208,0x00000000ab300000)
 Metaspace       used 66890K, capacity 68866K, committed 69032K, reserved 1110016K
  class space    used 7504K, capacity 8091K, committed 8104K, reserved 1048576K
}

