# JRE version: OpenJDK Runtime Environment (8.0_152-b01) (build 1.8.0_152-release-915-b01)
# Java VM: OpenJDK 64-Bit Server VM (25.152-b01 mixed mode linux-amd64 compressed oops)
Heap:
 PSYoungGen      total 104960K, used 19449K [0x00000000e0000000, 0x00000000e8b80000, 0x0000000100000000)
  eden space 85504K, 0% used [0x00000000e0000000,0x00000000e0000000,0x00000000e5380000)
  from space 19456K, 99% used [0x00000000e6c80000,0x00000000e7f7e6e8,0x00000000e7f80000)
  to   space 25600K, 0% used [0x00000000e5380000,0x00000000e5380000,0x00000000e6c80000)
 ParOldGen       total 47104K, used 28144K [0x00000000a0000000, 0x00000000a2e00000, 0x00000000e0000000)
  object space 47104K, 59% used [0x00000000a0000000,0x00000000a1b7c130,0x00000000a2e00000)
 Metaspace       used 34681K, capacity 35188K, committed 35496K, reserved 1081344K
  class space    used 4325K, capacity 4484K, committed 4520K, reserved 1048576K
GC Heap History (10 events):
Event: 5.708 GC heap after
Heap after GC invocations=6 (full 2):
 PSYoungGen      total 36864K, used 0K [0x00000000e0000000, 0x00000000e4800000, 0x0000000100000000)
  eden space 31744K, 0% used [0x00000000e0000000,0x00000000e0000000,0x00000000e1f00000)
  from space 5120K, 0% used [0x00000000e2400000,0x00000000e2400000,0x00000000e2900000)
  to   space 5120K, 0% used [0x00000000e1f00000,0x00000000e1f00000,0x00000000e2400000)
 ParOldGen       total 47104K, used 5619K [0x00000000a0000000, 0x00000000a2e00000, 0x00000000e0000000)
  object space 47104K, 11% used [0x00000000a0000000,0x00000000a057cd68,0x00000000a2e00000)
 Metaspace       used 20738K, capacity 21098K, committed 21296K, reserved 1069056K
  class space    used 2538K, capacity 2653K, committed 2688K, reserved 1048576K
}
Event: 6.466 GC heap before
{Heap before GC invocations=7 (full 2):
 PSYoungGen      total 36864K, used 31744K [0x00000000e0000000, 0x00000000e4800000, 0x0000000100000000)
  eden space 31744K, 100% used [0x00000000e0000000,0x00000000e1f00000,0x00000000e1f00000)
  from space 5120K, 0% used [0x00000000e2400000,0x00000000e2400000,0x00000000e2900000)
  to   space 5120K, 0% used [0x00000000e1f00000,0x00000000e1f00000,0x00000000e2400000)
 ParOldGen       total 47104K, used 5619K [0x00000000a0000000, 0x00000000a2e00000, 0x00000000e0000000)
  object space 47104K, 11% used [0x00000000a0000000,0x00000000a057cd68,0x00000000a2e00000)
 Metaspace       used 24626K, capacity 25042K, committed 25344K, reserved 1071104K
  class space    used 3169K, capacity 3299K, committed 3328K, reserved 1048576K
Event: 6.475 GC heap after
Heap after GC invocations=7 (full 2):
 PSYoungGen      total 36864K, used 5118K [0x00000000e0000000, 0x00000000e4300000, 0x0000000100000000)
  eden space 31744K, 0% used [0x00000000e0000000,0x00000000e0000000,0x00000000e1f00000)
  from space 5120K, 99% used [0x00000000e1f00000,0x00000000e23ffa58,0x00000000e2400000)
  to   space 5120K, 0% used [0x00000000e3e00000,0x00000000e3e00000,0x00000000e4300000)
 ParOldGen       total 47104K, used 7162K [0x00000000a0000000, 0x00000000a2e00000, 0x00000000e0000000)
  object space 47104K, 15% used [0x00000000a0000000,0x00000000a06fe8e8,0x00000000a2e00000)
 Metaspace       used 24626K, capacity 25042K, committed 25344K, reserved 1071104K
  class space    used 3169K, capacity 3299K, committed 3328K, reserved 1048576K
}
Event: 6.941 GC heap before
{Heap before GC invocations=8 (full 2):
 PSYoungGen      total 36864K, used 36862K [0x00000000e0000000, 0x00000000e4300000, 0x0000000100000000)
  eden space 31744K, 100% used [0x00000000e0000000,0x00000000e1f00000,0x00000000e1f00000)
  from space 5120K, 99% used [0x00000000e1f00000,0x00000000e23ffa58,0x00000000e2400000)
  to   space 5120K, 0% used [0x00000000e3e00000,0x00000000e3e00000,0x00000000e4300000)
 ParOldGen       total 47104K, used 7162K [0x00000000a0000000, 0x00000000a2e00000, 0x00000000e0000000)
  object space 47104K, 15% used [0x00000000a0000000,0x00000000a06fe8e8,0x00000000a2e00000)
 Metaspace       used 29516K, capacity 29914K, committed 30336K, reserved 1075200K
  class space    used 3718K, capacity 3851K, committed 3968K, reserved 1048576K
Event: 6.952 GC heap after
Heap after GC invocations=8 (full 2):
 PSYoungGen      total 55296K, used 5110K [0x00000000e0000000, 0x00000000e5300000, 0x0000000100000000)
  eden space 50176K, 0% used [0x00000000e0000000,0x00000000e0000000,0x00000000e3100000)
  from space 5120K, 99% used [0x00000000e3e00000,0x00000000e42fd8a8,0x00000000e4300000)
  to   space 13312K, 0% used [0x00000000e3100000,0x00000000e3100000,0x00000000e3e00000)
 ParOldGen       total 47104K, used 13803K [0x00000000a0000000, 0x00000000a2e00000, 0x00000000e0000000)
  object space 47104K, 29% used [0x00000000a0000000,0x00000000a0d7adc8,0x00000000a2e00000)
 Metaspace       used 29516K, capacity 29914K, committed 30336K, reserved 1075200K
  class space    used 3718K, capacity 3851K, committed 3968K, reserved 1048576K
}
Event: 8.006 GC heap before
{Heap before GC invocations=9 (full 2):
 PSYoungGen      total 55296K, used 55286K [0x00000000e0000000, 0x00000000e5300000, 0x0000000100000000)
  eden space 50176K, 100% used [0x00000000e0000000,0x00000000e3100000,0x00000000e3100000)
  from space 5120K, 99% used [0x00000000e3e00000,0x00000000e42fd8a8,0x00000000e4300000)
  to   space 13312K, 0% used [0x00000000e3100000,0x00000000e3100000,0x00000000e3e00000)
 ParOldGen       total 47104K, used 13803K [0x00000000a0000000, 0x00000000a2e00000, 0x00000000e0000000)
  object space 47104K, 29% used [0x00000000a0000000,0x00000000a0d7adc8,0x00000000a2e00000)
 Metaspace       used 32857K, capacity 33284K, committed 33792K, reserved 1079296K
  class space    used 4121K, capacity 4242K, committed 4352K, reserved 1048576K
Event: 8.036 GC heap after
Heap after GC invocations=9 (full 2):
 PSYoungGen      total 63488K, used 13309K [0x00000000e0000000, 0x00000000e7f80000, 0x0000000100000000)
  eden space 50176K, 0% used [0x00000000e0000000,0x00000000e0000000,0x00000000e3100000)
  from space 13312K, 99% used [0x00000000e3100000,0x00000000e3dff4c0,0x00000000e3e00000)
  to   space 19456K, 0% used [0x00000000e6c80000,0x00000000e6c80000,0x00000000e7f80000)
 ParOldGen       total 47104K, used 21552K [0x00000000a0000000, 0x00000000a2e00000, 0x00000000e0000000)
  object space 47104K, 45% used [0x00000000a0000000,0x00000000a150c2d0,0x00000000a2e00000)
 Metaspace       used 32857K, capacity 33284K, committed 33792K, reserved 1079296K
  class space    used 4121K, capacity 4242K, committed 4352K, reserved 1048576K
}
Event: 9.362 GC heap before
{Heap before GC invocations=10 (full 2):
 PSYoungGen      total 63488K, used 59213K [0x00000000e0000000, 0x00000000e7f80000, 0x0000000100000000)
  eden space 50176K, 91% used [0x00000000e0000000,0x00000000e2cd4318,0x00000000e3100000)
  from space 13312K, 99% used [0x00000000e3100000,0x00000000e3dff4c0,0x00000000e3e00000)
  to   space 19456K, 0% used [0x00000000e6c80000,0x00000000e6c80000,0x00000000e7f80000)
 ParOldGen       total 47104K, used 21552K [0x00000000a0000000, 0x00000000a2e00000, 0x00000000e0000000)
  object space 47104K, 45% used [0x00000000a0000000,0x00000000a150c2d0,0x00000000a2e00000)
 Metaspace       used 34681K, capacity 35188K, committed 35496K, reserved 1081344K
  class space    used 4325K, capacity 4484K, committed 4520K, reserved 1048576K
Event: 9.401 GC heap after
Heap after GC invocations=10 (full 2):
 PSYoungGen      total 104960K, used 19449K [0x00000000e0000000, 0x00000000e8b80000, 0x0000000100000000)
  eden space 85504K, 0% used [0x00000000e0000000,0x00000000e0000000,0x00000000e5380000)
  from space 19456K, 99% used [0x00000000e6c80000,0x00000000e7f7e6e8,0x00000000e7f80000)
  to   space 25600K, 0% used [0x00000000e5380000,0x00000000e5380000,0x00000000e6c80000)
 ParOldGen       total 47104K, used 28144K [0x00000000a0000000, 0x00000000a2e00000, 0x00000000e0000000)
  object space 47104K, 59% used [0x00000000a0000000,0x00000000a1b7c130,0x00000000a2e00000)
 Metaspace       used 34681K, capacity 35188K, committed 35496K, reserved 1081344K
  class space    used 4325K, capacity 4484K, committed 4520K, reserved 1048576K
}
Event: 9.401 GC heap before
{Heap before GC invocations=11 (full 3):
 PSYoungGen      total 104960K, used 19449K [0x00000000e0000000, 0x00000000e8b80000, 0x0000000100000000)
  eden space 85504K, 0% used [0x00000000e0000000,0x00000000e0000000,0x00000000e5380000)
  from space 19456K, 99% used [0x00000000e6c80000,0x00000000e7f7e6e8,0x00000000e7f80000)
  to   space 25600K, 0% used [0x00000000e5380000,0x00000000e5380000,0x00000000e6c80000)
 ParOldGen       total 47104K, used 28144K [0x00000000a0000000, 0x00000000a2e00000, 0x00000000e0000000)
  object space 47104K, 59% used [0x00000000a0000000,0x00000000a1b7c130,0x00000000a2e00000)
 Metaspace       used 34681K, capacity 35188K, committed 35496K, reserved 1081344K
  class space    used 4325K, capacity 4484K, committed 4520K, reserved 1048576K

