# JRE version: OpenJDK Runtime Environment (8.0_151-b12) (build 1.8.0_151-8u151-b12-0ubuntu0.16.04.2-b12)
# Java VM: OpenJDK 64-Bit Server VM (25.151-b12 mixed mode linux-amd64 compressed oops)
Heap:
 PSYoungGen      total 394752K, used 344967K [0x00000000e0000000, 0x00000000ffb80000, 0x0000000100000000)
  eden space 339968K, 91% used [0x00000000e0000000,0x00000000f30a3b08,0x00000000f4c00000)
  from space 54784K, 60% used [0x00000000f4c00000,0x00000000f6c3e210,0x00000000f8180000)
  to   space 60416K, 0% used [0x00000000fc080000,0x00000000fc080000,0x00000000ffb80000)
 ParOldGen       total 217088K, used 112516K [0x00000000a0000000, 0x00000000ad400000, 0x00000000e0000000)
  object space 217088K, 51% used [0x00000000a0000000,0x00000000a6de1110,0x00000000ad400000)
 Metaspace       used 54929K, capacity 56290K, committed 56488K, reserved 1099776K
  class space    used 6471K, capacity 6775K, committed 6824K, reserved 1048576K
GC Heap History (10 events):
Event: 42.027 GC heap before
{Heap before GC invocations=25 (full 3):
 PSYoungGen      total 291840K, used 290800K [0x00000000e0000000, 0x00000000f7280000, 0x0000000100000000)
  eden space 256000K, 100% used [0x00000000e0000000,0x00000000efa00000,0x00000000efa00000)
  from space 35840K, 97% used [0x00000000efa00000,0x00000000f1bfc140,0x00000000f1d00000)
  to   space 40448K, 0% used [0x00000000f4b00000,0x00000000f4b00000,0x00000000f7280000)
 ParOldGen       total 112640K, used 97015K [0x00000000a0000000, 0x00000000a6e00000, 0x00000000e0000000)
  object space 112640K, 86% used [0x00000000a0000000,0x00000000a5ebdd10,0x00000000a6e00000)
 Metaspace       used 54420K, capacity 55796K, committed 55976K, reserved 1097728K
  class space    used 6464K, capacity 6770K, committed 6824K, reserved 1048576K
Event: 42.101 GC heap after
Heap after GC invocations=25 (full 3):
 PSYoungGen      total 337408K, used 28807K [0x00000000e0000000, 0x00000000f7880000, 0x0000000100000000)
  eden space 296960K, 0% used [0x00000000e0000000,0x00000000e0000000,0x00000000f2200000)
  from space 40448K, 71% used [0x00000000f4b00000,0x00000000f6721f58,0x00000000f7280000)
  to   space 41984K, 0% used [0x00000000f2200000,0x00000000f2200000,0x00000000f4b00000)
 ParOldGen       total 112640K, used 97023K [0x00000000a0000000, 0x00000000a6e00000, 0x00000000e0000000)
  object space 112640K, 86% used [0x00000000a0000000,0x00000000a5ebfd10,0x00000000a6e00000)
 Metaspace       used 54420K, capacity 55796K, committed 55976K, reserved 1097728K
  class space    used 6464K, capacity 6770K, committed 6824K, reserved 1048576K
}
Event: 45.921 GC heap before
{Heap before GC invocations=26 (full 3):
 PSYoungGen      total 337408K, used 325767K [0x00000000e0000000, 0x00000000f7880000, 0x0000000100000000)
  eden space 296960K, 100% used [0x00000000e0000000,0x00000000f2200000,0x00000000f2200000)
  from space 40448K, 71% used [0x00000000f4b00000,0x00000000f6721f58,0x00000000f7280000)
  to   space 41984K, 0% used [0x00000000f2200000,0x00000000f2200000,0x00000000f4b00000)
 ParOldGen       total 112640K, used 97023K [0x00000000a0000000, 0x00000000a6e00000, 0x00000000e0000000)
  object space 112640K, 86% used [0x00000000a0000000,0x00000000a5ebfd10,0x00000000a6e00000)
 Metaspace       used 54605K, capacity 55940K, committed 56232K, reserved 1099776K
  class space    used 6467K, capacity 6772K, committed 6824K, reserved 1048576K
Event: 45.978 GC heap after
Heap after GC invocations=26 (full 3):
 PSYoungGen      total 338944K, used 40708K [0x00000000e0000000, 0x00000000fb000000, 0x0000000100000000)
  eden space 296960K, 0% used [0x00000000e0000000,0x00000000e0000000,0x00000000f2200000)
  from space 41984K, 96% used [0x00000000f2200000,0x00000000f49c1098,0x00000000f4b00000)
  to   space 47616K, 0% used [0x00000000f8180000,0x00000000f8180000,0x00000000fb000000)
 ParOldGen       total 112640K, used 97031K [0x00000000a0000000, 0x00000000a6e00000, 0x00000000e0000000)
  object space 112640K, 86% used [0x00000000a0000000,0x00000000a5ec1d10,0x00000000a6e00000)
 Metaspace       used 54605K, capacity 55940K, committed 56232K, reserved 1099776K
  class space    used 6467K, capacity 6772K, committed 6824K, reserved 1048576K
}
Event: 49.153 GC heap before
{Heap before GC invocations=27 (full 3):
 PSYoungGen      total 338944K, used 337668K [0x00000000e0000000, 0x00000000fb000000, 0x0000000100000000)
  eden space 296960K, 100% used [0x00000000e0000000,0x00000000f2200000,0x00000000f2200000)
  from space 41984K, 96% used [0x00000000f2200000,0x00000000f49c1098,0x00000000f4b00000)
  to   space 47616K, 0% used [0x00000000f8180000,0x00000000f8180000,0x00000000fb000000)
 ParOldGen       total 112640K, used 97031K [0x00000000a0000000, 0x00000000a6e00000, 0x00000000e0000000)
  object space 112640K, 86% used [0x00000000a0000000,0x00000000a5ec1d10,0x00000000a6e00000)
 Metaspace       used 54754K, capacity 56084K, committed 56232K, reserved 1099776K
  class space    used 6469K, capacity 6774K, committed 6824K, reserved 1048576K
Event: 49.218 GC heap after
Heap after GC invocations=27 (full 3):
 PSYoungGen      total 387584K, used 47592K [0x00000000e0000000, 0x00000000fbe00000, 0x0000000100000000)
  eden space 339968K, 0% used [0x00000000e0000000,0x00000000e0000000,0x00000000f4c00000)
  from space 47616K, 99% used [0x00000000f8180000,0x00000000faffa3c0,0x00000000fb000000)
  to   space 54784K, 0% used [0x00000000f4c00000,0x00000000f4c00000,0x00000000f8180000)
 ParOldGen       total 112640K, used 97807K [0x00000000a0000000, 0x00000000a6e00000, 0x00000000e0000000)
  object space 112640K, 86% used [0x00000000a0000000,0x00000000a5f83d10,0x00000000a6e00000)
 Metaspace       used 54754K, capacity 56084K, committed 56232K, reserved 1099776K
  class space    used 6469K, capacity 6774K, committed 6824K, reserved 1048576K
}
Event: 52.349 GC heap before
{Heap before GC invocations=28 (full 3):
 PSYoungGen      total 387584K, used 387560K [0x00000000e0000000, 0x00000000fbe00000, 0x0000000100000000)
  eden space 339968K, 100% used [0x00000000e0000000,0x00000000f4c00000,0x00000000f4c00000)
  from space 47616K, 99% used [0x00000000f8180000,0x00000000faffa3c0,0x00000000fb000000)
  to   space 54784K, 0% used [0x00000000f4c00000,0x00000000f4c00000,0x00000000f8180000)
 ParOldGen       total 112640K, used 97807K [0x00000000a0000000, 0x00000000a6e00000, 0x00000000e0000000)
  object space 112640K, 86% used [0x00000000a0000000,0x00000000a5f83d10,0x00000000a6e00000)
 Metaspace       used 54888K, capacity 56216K, committed 56488K, reserved 1099776K
  class space    used 6470K, capacity 6774K, committed 6824K, reserved 1048576K
Event: 52.426 GC heap after
Heap after GC invocations=28 (full 3):
 PSYoungGen      total 394752K, used 48196K [0x00000000e0000000, 0x00000000ffb80000, 0x0000000100000000)
  eden space 339968K, 0% used [0x00000000e0000000,0x00000000e0000000,0x00000000f4c00000)
  from space 54784K, 87% used [0x00000000f4c00000,0x00000000f7b11210,0x00000000f8180000)
  to   space 60416K, 0% used [0x00000000fc080000,0x00000000fc080000,0x00000000ffb80000)
 ParOldGen       total 112640K, used 107900K [0x00000000a0000000, 0x00000000a6e00000, 0x00000000e0000000)
  object space 112640K, 95% used [0x00000000a0000000,0x00000000a695f328,0x00000000a6e00000)
 Metaspace       used 54888K, capacity 56216K, committed 56488K, reserved 1099776K
  class space    used 6470K, capacity 6774K, committed 6824K, reserved 1048576K
}
Event: 52.426 GC heap before
{Heap before GC invocations=29 (full 4):
 PSYoungGen      total 394752K, used 48196K [0x00000000e0000000, 0x00000000ffb80000, 0x0000000100000000)
  eden space 339968K, 0% used [0x00000000e0000000,0x00000000e0000000,0x00000000f4c00000)
  from space 54784K, 87% used [0x00000000f4c00000,0x00000000f7b11210,0x00000000f8180000)
  to   space 60416K, 0% used [0x00000000fc080000,0x00000000fc080000,0x00000000ffb80000)
 ParOldGen       total 112640K, used 107900K [0x00000000a0000000, 0x00000000a6e00000, 0x00000000e0000000)
  object space 112640K, 95% used [0x00000000a0000000,0x00000000a695f328,0x00000000a6e00000)
 Metaspace       used 54888K, capacity 56216K, committed 56488K, reserved 1099776K
  class space    used 6470K, capacity 6774K, committed 6824K, reserved 1048576K
Event: 53.459 GC heap after
Heap after GC invocations=29 (full 4):
 PSYoungGen      total 394752K, used 33016K [0x00000000e0000000, 0x00000000ffb80000, 0x0000000100000000)
  eden space 339968K, 0% used [0x00000000e0000000,0x00000000e0000000,0x00000000f4c00000)
  from space 54784K, 60% used [0x00000000f4c00000,0x00000000f6c3e210,0x00000000f8180000)
  to   space 60416K, 0% used [0x00000000fc080000,0x00000000fc080000,0x00000000ffb80000)
 ParOldGen       total 217088K, used 112516K [0x00000000a0000000, 0x00000000ad400000, 0x00000000e0000000)
  object space 217088K, 51% used [0x00000000a0000000,0x00000000a6de1110,0x00000000ad400000)
 Metaspace       used 54888K, capacity 56216K, committed 56488K, reserved 1099776K
  class space    used 6470K, capacity 6774K, committed 6824K, reserved 1048576K
}

