# JRE version: OpenJDK Runtime Environment (8.0_152-b01) (build 1.8.0_152-release-915-b01)
# Java VM: OpenJDK 64-Bit Server VM (25.152-b01 mixed mode windows-amd64 compressed oops)
Heap:
 PSYoungGen      total 257536K, used 67628K [0x00000000e0000000, 0x00000000ff500000, 0x0000000100000000)
  eden space 189440K, 0% used [0x00000000e0000000,0x00000000e0000000,0x00000000eb900000)
  from space 68096K, 99% used [0x00000000eb900000,0x00000000efb0b080,0x00000000efb80000)
  to   space 161792K, 0% used [0x00000000f5700000,0x00000000f5700000,0x00000000ff500000)
 ParOldGen       total 258048K, used 234924K [0x00000000a0000000, 0x00000000afc00000, 0x00000000e0000000)
  object space 258048K, 91% used [0x00000000a0000000,0x00000000ae56b058,0x00000000afc00000)
 Metaspace       used 67149K, capacity 68832K, committed 68992K, reserved 1110016K
  class space    used 7379K, capacity 7804K, committed 7808K, reserved 1048576K
GC Heap History (10 events):
Event: 235.926 GC heap after
Heap after GC invocations=50 (full 5):
 PSYoungGen      total 356352K, used 102393K [0x00000000e0000000, 0x0000000100000000, 0x0000000100000000)
  eden space 188416K, 0% used [0x00000000e0000000,0x00000000e0000000,0x00000000eb800000)
  from space 167936K, 60% used [0x00000000eb800000,0x00000000f1bfe790,0x00000000f5c00000)
  to   space 167936K, 0% used [0x00000000f5c00000,0x00000000f5c00000,0x0000000100000000)
 ParOldGen       total 258048K, used 184258K [0x00000000a0000000, 0x00000000afc00000, 0x00000000e0000000)
  object space 258048K, 71% used [0x00000000a0000000,0x00000000ab3f0b30,0x00000000afc00000)
 Metaspace       used 67055K, capacity 68768K, committed 68992K, reserved 1110016K
  class space    used 7379K, capacity 7804K, committed 7808K, reserved 1048576K
}
Event: 237.039 GC heap before
{Heap before GC invocations=51 (full 5):
 PSYoungGen      total 356352K, used 290809K [0x00000000e0000000, 0x0000000100000000, 0x0000000100000000)
  eden space 188416K, 100% used [0x00000000e0000000,0x00000000eb800000,0x00000000eb800000)
  from space 167936K, 60% used [0x00000000eb800000,0x00000000f1bfe790,0x00000000f5c00000)
  to   space 167936K, 0% used [0x00000000f5c00000,0x00000000f5c00000,0x0000000100000000)
 ParOldGen       total 258048K, used 184258K [0x00000000a0000000, 0x00000000afc00000, 0x00000000e0000000)
  object space 258048K, 71% used [0x00000000a0000000,0x00000000ab3f0b30,0x00000000afc00000)
 Metaspace       used 67069K, capacity 68768K, committed 68992K, reserved 1110016K
  class space    used 7379K, capacity 7804K, committed 7808K, reserved 1048576K
Event: 237.176 GC heap after
Heap after GC invocations=51 (full 5):
 PSYoungGen      total 356352K, used 103800K [0x00000000e0000000, 0x0000000100000000, 0x0000000100000000)
  eden space 188416K, 0% used [0x00000000e0000000,0x00000000e0000000,0x00000000eb800000)
  from space 167936K, 61% used [0x00000000f5c00000,0x00000000fc15e358,0x0000000100000000)
  to   space 167936K, 0% used [0x00000000eb800000,0x00000000eb800000,0x00000000f5c00000)
 ParOldGen       total 258048K, used 186459K [0x00000000a0000000, 0x00000000afc00000, 0x00000000e0000000)
  object space 258048K, 72% used [0x00000000a0000000,0x00000000ab616c00,0x00000000afc00000)
 Metaspace       used 67069K, capacity 68768K, committed 68992K, reserved 1110016K
  class space    used 7379K, capacity 7804K, committed 7808K, reserved 1048576K
}
Event: 238.122 GC heap before
{Heap before GC invocations=52 (full 5):
 PSYoungGen      total 356352K, used 292216K [0x00000000e0000000, 0x0000000100000000, 0x0000000100000000)
  eden space 188416K, 100% used [0x00000000e0000000,0x00000000eb800000,0x00000000eb800000)
  from space 167936K, 61% used [0x00000000f5c00000,0x00000000fc15e358,0x0000000100000000)
  to   space 167936K, 0% used [0x00000000eb800000,0x00000000eb800000,0x00000000f5c00000)
 ParOldGen       total 258048K, used 186459K [0x00000000a0000000, 0x00000000afc00000, 0x00000000e0000000)
  object space 258048K, 72% used [0x00000000a0000000,0x00000000ab616c00,0x00000000afc00000)
 Metaspace       used 67117K, capacity 68832K, committed 68992K, reserved 1110016K
  class space    used 7379K, capacity 7804K, committed 7808K, reserved 1048576K
Event: 238.225 GC heap after
Heap after GC invocations=52 (full 5):
 PSYoungGen      total 295936K, used 107186K [0x00000000e0000000, 0x0000000100000000, 0x0000000100000000)
  eden space 188416K, 0% used [0x00000000e0000000,0x00000000e0000000,0x00000000eb800000)
  from space 107520K, 99% used [0x00000000eb800000,0x00000000f20acb10,0x00000000f2100000)
  to   space 168448K, 0% used [0x00000000f5b80000,0x00000000f5b80000,0x0000000100000000)
 ParOldGen       total 258048K, used 186635K [0x00000000a0000000, 0x00000000afc00000, 0x00000000e0000000)
  object space 258048K, 72% used [0x00000000a0000000,0x00000000ab642c00,0x00000000afc00000)
 Metaspace       used 67117K, capacity 68832K, committed 68992K, reserved 1110016K
  class space    used 7379K, capacity 7804K, committed 7808K, reserved 1048576K
}
Event: 239.421 GC heap before
{Heap before GC invocations=53 (full 5):
 PSYoungGen      total 295936K, used 295602K [0x00000000e0000000, 0x0000000100000000, 0x0000000100000000)
  eden space 188416K, 100% used [0x00000000e0000000,0x00000000eb800000,0x00000000eb800000)
  from space 107520K, 99% used [0x00000000eb800000,0x00000000f20acb10,0x00000000f2100000)
  to   space 168448K, 0% used [0x00000000f5b80000,0x00000000f5b80000,0x0000000100000000)
 ParOldGen       total 258048K, used 186635K [0x00000000a0000000, 0x00000000afc00000, 0x00000000e0000000)
  object space 258048K, 72% used [0x00000000a0000000,0x00000000ab642c00,0x00000000afc00000)
 Metaspace       used 67142K, capacity 68832K, committed 68992K, reserved 1110016K
  class space    used 7379K, capacity 7804K, committed 7808K, reserved 1048576K
Event: 239.549 GC heap after
Heap after GC invocations=53 (full 5):
 PSYoungGen      total 357888K, used 101772K [0x00000000e0000000, 0x0000000100000000, 0x0000000100000000)
  eden space 189440K, 0% used [0x00000000e0000000,0x00000000e0000000,0x00000000eb900000)
  from space 168448K, 60% used [0x00000000f5b80000,0x00000000fbee3300,0x0000000100000000)
  to   space 166400K, 0% used [0x00000000eb900000,0x00000000eb900000,0x00000000f5b80000)
 ParOldGen       total 258048K, used 195906K [0x00000000a0000000, 0x00000000afc00000, 0x00000000e0000000)
  object space 258048K, 75% used [0x00000000a0000000,0x00000000abf50918,0x00000000afc00000)
 Metaspace       used 67142K, capacity 68832K, committed 68992K, reserved 1110016K
  class space    used 7379K, capacity 7804K, committed 7808K, reserved 1048576K
}
Event: 240.400 GC heap before
{Heap before GC invocations=54 (full 5):
 PSYoungGen      total 357888K, used 291212K [0x00000000e0000000, 0x0000000100000000, 0x0000000100000000)
  eden space 189440K, 100% used [0x00000000e0000000,0x00000000eb900000,0x00000000eb900000)
  from space 168448K, 60% used [0x00000000f5b80000,0x00000000fbee3300,0x0000000100000000)
  to   space 166400K, 0% used [0x00000000eb900000,0x00000000eb900000,0x00000000f5b80000)
 ParOldGen       total 258048K, used 195906K [0x00000000a0000000, 0x00000000afc00000, 0x00000000e0000000)
  object space 258048K, 75% used [0x00000000a0000000,0x00000000abf50918,0x00000000afc00000)
 Metaspace       used 67149K, capacity 68832K, committed 68992K, reserved 1110016K
  class space    used 7379K, capacity 7804K, committed 7808K, reserved 1048576K
Event: 240.525 GC heap after
Heap after GC invocations=54 (full 5):
 PSYoungGen      total 257536K, used 67628K [0x00000000e0000000, 0x00000000ff500000, 0x0000000100000000)
  eden space 189440K, 0% used [0x00000000e0000000,0x00000000e0000000,0x00000000eb900000)
  from space 68096K, 99% used [0x00000000eb900000,0x00000000efb0b080,0x00000000efb80000)
  to   space 161792K, 0% used [0x00000000f5700000,0x00000000f5700000,0x00000000ff500000)
 ParOldGen       total 258048K, used 234924K [0x00000000a0000000, 0x00000000afc00000, 0x00000000e0000000)
  object space 258048K, 91% used [0x00000000a0000000,0x00000000ae56b058,0x00000000afc00000)
 Metaspace       used 67149K, capacity 68832K, committed 68992K, reserved 1110016K
  class space    used 7379K, capacity 7804K, committed 7808K, reserved 1048576K
}
Event: 240.525 GC heap before
{Heap before GC invocations=55 (full 6):
 PSYoungGen      total 257536K, used 67628K [0x00000000e0000000, 0x00000000ff500000, 0x0000000100000000)
  eden space 189440K, 0% used [0x00000000e0000000,0x00000000e0000000,0x00000000eb900000)
  from space 68096K, 99% used [0x00000000eb900000,0x00000000efb0b080,0x00000000efb80000)
  to   space 161792K, 0% used [0x00000000f5700000,0x00000000f5700000,0x00000000ff500000)
 ParOldGen       total 258048K, used 234924K [0x00000000a0000000, 0x00000000afc00000, 0x00000000e0000000)
  object space 258048K, 91% used [0x00000000a0000000,0x00000000ae56b058,0x00000000afc00000)
 Metaspace       used 67149K, capacity 68832K, committed 68992K, reserved 1110016K
  class space    used 7379K, capacity 7804K, committed 7808K, reserved 1048576K

